<?xml version="1.0" encoding="UTF-8"?>
<coverage generated="1746316345954" clover="3.2.0">
  <project timestamp="1746316345955" name="All files">
    <metrics statements="95" coveredstatements="60" conditionals="44" coveredconditionals="22" methods="24" coveredmethods="20" elements="163" coveredelements="102" complexity="0" loc="95" ncloc="95" packages="2" files="7" classes="7"/>
    <package name="src">
      <metrics statements="61" coveredstatements="26" conditionals="24" coveredconditionals="3" methods="11" coveredmethods="7"/>
      <file name="App.jsx" path="/Users/kamilkasarova/careerfoundry/meet/src/App.jsx">
        <metrics statements="14" coveredstatements="14" conditionals="2" coveredconditionals="2" methods="4" coveredmethods="4"/>
        <line num="12" count="4" type="stmt"/>
        <line num="13" count="20" type="stmt"/>
        <line num="14" count="19" type="stmt"/>
        <line num="15" count="19" type="stmt"/>
        <line num="16" count="19" type="stmt"/>
        <line num="18" count="19" type="stmt"/>
        <line num="19" count="11" type="stmt"/>
        <line num="22" count="19" type="stmt"/>
        <line num="23" count="11" type="stmt"/>
        <line num="24" count="11" type="cond" truecount="2" falsecount="0"/>
        <line num="26" count="33" type="stmt"/>
        <line num="28" count="11" type="stmt"/>
        <line num="29" count="11" type="stmt"/>
        <line num="33" count="19" type="stmt"/>
      </file>
      <file name="api.js" path="/Users/kamilkasarova/careerfoundry/meet/src/api.js">
        <metrics statements="46" coveredstatements="11" conditionals="22" coveredconditionals="1" methods="7" coveredmethods="3"/>
        <line num="14" count="5" type="stmt"/>
        <line num="15" count="462" type="stmt"/>
        <line num="16" count="14" type="stmt"/>
        <line num="17" count="14" type="stmt"/>
        <line num="22" count="5" type="stmt"/>
        <line num="24" count="22" type="cond" truecount="1" falsecount="1"/>
        <line num="25" count="22" type="stmt"/>
        <line num="28" count="0" type="stmt"/>
        <line num="30" count="0" type="cond" truecount="0" falsecount="2"/>
        <line num="31" count="0" type="stmt"/>
        <line num="32" count="0" type="stmt"/>
        <line num="33" count="0" type="stmt"/>
        <line num="34" count="0" type="stmt"/>
        <line num="35" count="0" type="cond" truecount="0" falsecount="2"/>
        <line num="36" count="0" type="stmt"/>
        <line num="37" count="0" type="stmt"/>
        <line num="41" count="5" type="stmt"/>
        <line num="42" count="0" type="stmt"/>
        <line num="43" count="0" type="cond" truecount="0" falsecount="2"/>
        <line num="45" count="0" type="cond" truecount="0" falsecount="4"/>
        <line num="46" count="0" type="stmt"/>
        <line num="47" count="0" type="stmt"/>
        <line num="48" count="0" type="stmt"/>
        <line num="49" count="0" type="cond" truecount="0" falsecount="2"/>
        <line num="50" count="0" type="stmt"/>
        <line num="51" count="0" type="stmt"/>
        <line num="52" count="0" type="stmt"/>
        <line num="53" count="0" type="stmt"/>
        <line num="55" count="0" type="cond" truecount="0" falsecount="2"/>
        <line num="57" count="0" type="stmt"/>
        <line num="61" count="5" type="stmt"/>
        <line num="62" count="0" type="stmt"/>
        <line num="63" count="0" type="stmt"/>
        <line num="64" count="0" type="stmt"/>
        <line num="68" count="5" type="stmt"/>
        <line num="70" count="0" type="cond" truecount="0" falsecount="4"/>
        <line num="72" count="0" type="stmt"/>
        <line num="77" count="0" type="stmt"/>
        <line num="79" count="0" type="stmt"/>
        <line num="80" count="0" type="stmt"/>
        <line num="84" count="5" type="stmt"/>
        <line num="85" count="0" type="stmt"/>
        <line num="86" count="0" type="stmt"/>
        <line num="88" count="0" type="stmt"/>
        <line num="89" count="0" type="cond" truecount="0" falsecount="2"/>
        <line num="91" count="0" type="stmt"/>
      </file>
      <file name="mock-data.js" path="/Users/kamilkasarova/careerfoundry/meet/src/mock-data.js">
        <metrics statements="1" coveredstatements="1" conditionals="0" coveredconditionals="0" methods="0" coveredmethods="0"/>
        <line num="3" count="5" type="stmt"/>
      </file>
    </package>
    <package name="src.components">
      <metrics statements="34" coveredstatements="34" conditionals="20" coveredconditionals="19" methods="13" coveredmethods="13"/>
      <file name="CitySearch.jsx" path="/Users/kamilkasarova/careerfoundry/meet/src/components/CitySearch.jsx">
        <metrics statements="20" coveredstatements="20" conditionals="4" coveredconditionals="3" methods="7" coveredmethods="7"/>
        <line num="5" count="4" type="stmt"/>
        <line num="6" count="68" type="stmt"/>
        <line num="7" count="68" type="stmt"/>
        <line num="8" count="68" type="stmt"/>
        <line num="10" count="68" type="stmt"/>
        <line num="11" count="18" type="stmt"/>
        <line num="15" count="68" type="stmt"/>
        <line num="16" count="18" type="stmt"/>
        <line num="17" count="18" type="cond" truecount="1" falsecount="1"/>
        <line num="18" count="36" type="stmt"/>
        <line num="21" count="18" type="stmt"/>
        <line num="22" count="18" type="stmt"/>
        <line num="25" count="68" type="stmt"/>
        <line num="26" count="2" type="stmt"/>
        <line num="27" count="2" type="stmt"/>
        <line num="28" count="2" type="stmt"/>
        <line num="29" count="2" type="stmt"/>
        <line num="32" count="68" type="stmt"/>
        <line num="39" count="5" type="stmt"/>
        <line num="45" count="26" type="stmt"/>
      </file>
      <file name="Event.jsx" path="/Users/kamilkasarova/careerfoundry/meet/src/components/Event.jsx">
        <metrics statements="4" coveredstatements="4" conditionals="14" coveredconditionals="14" methods="2" coveredmethods="2"/>
        <line num="5" count="5" type="stmt"/>
        <line num="6" count="264" type="stmt"/>
        <line num="7" count="264" type="stmt"/>
        <line num="19" count="3" type="cond" truecount="2" falsecount="0"/>
      </file>
      <file name="EventList.jsx" path="/Users/kamilkasarova/careerfoundry/meet/src/components/EventList.jsx">
        <metrics statements="3" coveredstatements="3" conditionals="2" coveredconditionals="2" methods="2" coveredmethods="2"/>
        <line num="7" count="4" type="stmt"/>
        <line num="8" count="22" type="stmt"/>
        <line num="11" count="255" type="stmt"/>
      </file>
      <file name="NumberOfEvents.jsx" path="/Users/kamilkasarova/careerfoundry/meet/src/components/NumberOfEvents.jsx">
        <metrics statements="7" coveredstatements="7" conditionals="0" coveredconditionals="0" methods="2" coveredmethods="2"/>
        <line num="4" count="4" type="stmt"/>
        <line num="6" count="25" type="stmt"/>
        <line num="8" count="25" type="stmt"/>
        <line num="9" count="6" type="stmt"/>
        <line num="10" count="6" type="stmt"/>
        <line num="11" count="6" type="stmt"/>
        <line num="14" count="25" type="stmt"/>
      </file>
    </package>
  </project>
</coverage>
