{"/Users/kamilkasarova/careerfoundry/meet/src/App.jsx": {"path":"/Users/kamilkasarova/careerfoundry/meet/src/App.jsx","statementMap":{"0":{"start":{"line":12,"column":12},"end":{"line":40,"column":1}},"1":{"start":{"line":13,"column":30},"end":{"line":13,"column":42}},"2":{"start":{"line":14,"column":38},"end":{"line":14,"column":50}},"3":{"start":{"line":15,"column":42},"end":{"line":15,"column":54}},"4":{"start":{"line":16,"column":40},"end":{"line":16,"column":66}},"5":{"start":{"line":18,"column":2},"end":{"line":20,"column":32}},"6":{"start":{"line":19,"column":4},"end":{"line":19,"column":16}},"7":{"start":{"line":22,"column":20},"end":{"line":30,"column":3}},"8":{"start":{"line":23,"column":22},"end":{"line":23,"column":39}},"9":{"start":{"line":24,"column":27},"end":{"line":26,"column":53}},"10":{"start":{"line":26,"column":26},"end":{"line":26,"column":52}},"11":{"start":{"line":28,"column":4},"end":{"line":28,"column":51}},"12":{"start":{"line":29,"column":4},"end":{"line":29,"column":49}},"13":{"start":{"line":33,"column":2},"end":{"line":39,"column":4}}},"fnMap":{"0":{"name":"(anonymous_0)","decl":{"start":{"line":12,"column":12},"end":{"line":12,"column":13}},"loc":{"start":{"line":12,"column":18},"end":{"line":40,"column":1}},"line":12},"1":{"name":"(anonymous_1)","decl":{"start":{"line":18,"column":12},"end":{"line":18,"column":13}},"loc":{"start":{"line":18,"column":18},"end":{"line":20,"column":3}},"line":18},"2":{"name":"(anonymous_2)","decl":{"start":{"line":22,"column":20},"end":{"line":22,"column":21}},"loc":{"start":{"line":22,"column":32},"end":{"line":30,"column":3}},"line":22},"3":{"name":"(anonymous_3)","decl":{"start":{"line":26,"column":21},"end":{"line":26,"column":22}},"loc":{"start":{"line":26,"column":26},"end":{"line":26,"column":52}},"line":26}},"branchMap":{"0":{"loc":{"start":{"line":24,"column":27},"end":{"line":26,"column":53}},"type":"cond-expr","locations":[{"start":{"line":25,"column":4},"end":{"line":25,"column":13}},{"start":{"line":26,"column":4},"end":{"line":26,"column":53}}],"line":24}},"s":{"0":4,"1":20,"2":19,"3":19,"4":19,"5":19,"6":11,"7":19,"8":11,"9":11,"10":33,"11":11,"12":11,"13":19},"f":{"0":20,"1":11,"2":11,"3":33},"b":{"0":[10,1]},"_coverageSchema":"1a1c01bbd47fc00a2c39e90264f33305004495a9","hash":"353ca843c2681b87e8b2829ec52a22942aee7dd0"}
,"/Users/kamilkasarova/careerfoundry/meet/src/api.js": {"path":"/Users/kamilkasarova/careerfoundry/meet/src/api.js","statementMap":{"0":{"start":{"line":14,"column":32},"end":{"line":18,"column":1}},"1":{"start":{"line":15,"column":29},"end":{"line":15,"column":66}},"2":{"start":{"line":15,"column":51},"end":{"line":15,"column":65}},"3":{"start":{"line":16,"column":20},"end":{"line":16,"column":52}},"4":{"start":{"line":17,"column":2},"end":{"line":17,"column":19}},"5":{"start":{"line":22,"column":25},"end":{"line":39,"column":1}},"6":{"start":{"line":24,"column":2},"end":{"line":26,"column":3}},"7":{"start":{"line":25,"column":4},"end":{"line":25,"column":20}},"8":{"start":{"line":28,"column":16},"end":{"line":28,"column":38}},"9":{"start":{"line":30,"column":2},"end":{"line":38,"column":3}},"10":{"start":{"line":31,"column":4},"end":{"line":31,"column":18}},"11":{"start":{"line":32,"column":16},"end":{"line":32,"column":105}},"12":{"start":{"line":33,"column":21},"end":{"line":33,"column":37}},"13":{"start":{"line":34,"column":19},"end":{"line":34,"column":40}},"14":{"start":{"line":35,"column":4},"end":{"line":37,"column":23}},"15":{"start":{"line":36,"column":6},"end":{"line":36,"column":27}},"16":{"start":{"line":37,"column":11},"end":{"line":37,"column":23}},"17":{"start":{"line":41,"column":30},"end":{"line":58,"column":1}},"18":{"start":{"line":42,"column":22},"end":{"line":42,"column":58}},"19":{"start":{"line":43,"column":21},"end":{"line":43,"column":67}},"20":{"start":{"line":45,"column":2},"end":{"line":56,"column":3}},"21":{"start":{"line":46,"column":4},"end":{"line":46,"column":50}},"22":{"start":{"line":47,"column":25},"end":{"line":47,"column":68}},"23":{"start":{"line":48,"column":17},"end":{"line":48,"column":47}},"24":{"start":{"line":49,"column":4},"end":{"line":54,"column":5}},"25":{"start":{"line":50,"column":23},"end":{"line":50,"column":113}},"26":{"start":{"line":51,"column":21},"end":{"line":51,"column":42}},"27":{"start":{"line":52,"column":26},"end":{"line":52,"column":32}},"28":{"start":{"line":53,"column":6},"end":{"line":53,"column":46}},"29":{"start":{"line":55,"column":4},"end":{"line":55,"column":34}},"30":{"start":{"line":57,"column":2},"end":{"line":57,"column":21}},"31":{"start":{"line":61,"column":19},"end":{"line":65,"column":1}},"32":{"start":{"line":62,"column":19},"end":{"line":62,"column":108}},"33":{"start":{"line":63,"column":17},"end":{"line":63,"column":38}},"34":{"start":{"line":64,"column":2},"end":{"line":64,"column":16}},"35":{"start":{"line":68,"column":20},"end":{"line":82,"column":1}},"36":{"start":{"line":70,"column":2},"end":{"line":81,"column":3}},"37":{"start":{"line":72,"column":4},"end":{"line":76,"column":31}},"38":{"start":{"line":77,"column":6},"end":{"line":77,"column":47}},"39":{"start":{"line":79,"column":4},"end":{"line":79,"column":68}},"40":{"start":{"line":80,"column":4},"end":{"line":80,"column":45}},"41":{"start":{"line":84,"column":17},"end":{"line":92,"column":1}},"42":{"start":{"line":85,"column":21},"end":{"line":85,"column":45}},"43":{"start":{"line":86,"column":19},"end":{"line":87,"column":94}},"44":{"start":{"line":88,"column":27},"end":{"line":88,"column":48}},"45":{"start":{"line":89,"column":2},"end":{"line":89,"column":69}},"46":{"start":{"line":91,"column":2},"end":{"line":91,"column":22}}},"fnMap":{"0":{"name":"(anonymous_0)","decl":{"start":{"line":14,"column":32},"end":{"line":14,"column":33}},"loc":{"start":{"line":14,"column":44},"end":{"line":18,"column":1}},"line":14},"1":{"name":"(anonymous_1)","decl":{"start":{"line":15,"column":40},"end":{"line":15,"column":41}},"loc":{"start":{"line":15,"column":51},"end":{"line":15,"column":65}},"line":15},"2":{"name":"(anonymous_2)","decl":{"start":{"line":22,"column":25},"end":{"line":22,"column":26}},"loc":{"start":{"line":22,"column":37},"end":{"line":39,"column":1}},"line":22},"3":{"name":"(anonymous_3)","decl":{"start":{"line":41,"column":30},"end":{"line":41,"column":31}},"loc":{"start":{"line":41,"column":42},"end":{"line":58,"column":1}},"line":41},"4":{"name":"(anonymous_4)","decl":{"start":{"line":61,"column":19},"end":{"line":61,"column":20}},"loc":{"start":{"line":61,"column":42},"end":{"line":65,"column":1}},"line":61},"5":{"name":"(anonymous_5)","decl":{"start":{"line":68,"column":20},"end":{"line":68,"column":21}},"loc":{"start":{"line":68,"column":26},"end":{"line":82,"column":1}},"line":68},"6":{"name":"(anonymous_6)","decl":{"start":{"line":84,"column":17},"end":{"line":84,"column":18}},"loc":{"start":{"line":84,"column":33},"end":{"line":92,"column":1}},"line":84}},"branchMap":{"0":{"loc":{"start":{"line":24,"column":2},"end":{"line":26,"column":3}},"type":"if","locations":[{"start":{"line":24,"column":2},"end":{"line":26,"column":3}},{"start":{},"end":{}}],"line":24},"1":{"loc":{"start":{"line":30,"column":2},"end":{"line":38,"column":3}},"type":"if","locations":[{"start":{"line":30,"column":2},"end":{"line":38,"column":3}},{"start":{},"end":{}}],"line":30},"2":{"loc":{"start":{"line":35,"column":4},"end":{"line":37,"column":23}},"type":"if","locations":[{"start":{"line":35,"column":4},"end":{"line":37,"column":23}},{"start":{"line":37,"column":11},"end":{"line":37,"column":23}}],"line":35},"3":{"loc":{"start":{"line":43,"column":21},"end":{"line":43,"column":67}},"type":"binary-expr","locations":[{"start":{"line":43,"column":21},"end":{"line":43,"column":32}},{"start":{"line":43,"column":37},"end":{"line":43,"column":66}}],"line":43},"4":{"loc":{"start":{"line":45,"column":2},"end":{"line":56,"column":3}},"type":"if","locations":[{"start":{"line":45,"column":2},"end":{"line":56,"column":3}},{"start":{},"end":{}}],"line":45},"5":{"loc":{"start":{"line":45,"column":6},"end":{"line":45,"column":38}},"type":"binary-expr","locations":[{"start":{"line":45,"column":6},"end":{"line":45,"column":18}},{"start":{"line":45,"column":22},"end":{"line":45,"column":38}}],"line":45},"6":{"loc":{"start":{"line":49,"column":4},"end":{"line":54,"column":5}},"type":"if","locations":[{"start":{"line":49,"column":4},"end":{"line":54,"column":5}},{"start":{},"end":{}}],"line":49},"7":{"loc":{"start":{"line":55,"column":11},"end":{"line":55,"column":33}},"type":"binary-expr","locations":[{"start":{"line":55,"column":11},"end":{"line":55,"column":15}},{"start":{"line":55,"column":19},"end":{"line":55,"column":33}}],"line":55},"8":{"loc":{"start":{"line":70,"column":2},"end":{"line":81,"column":3}},"type":"if","locations":[{"start":{"line":70,"column":2},"end":{"line":81,"column":3}},{"start":{"line":78,"column":9},"end":{"line":81,"column":3}}],"line":70},"9":{"loc":{"start":{"line":70,"column":6},"end":{"line":70,"column":58}},"type":"binary-expr","locations":[{"start":{"line":70,"column":6},"end":{"line":70,"column":30}},{"start":{"line":70,"column":34},"end":{"line":70,"column":58}}],"line":70},"10":{"loc":{"start":{"line":89,"column":2},"end":{"line":89,"column":68}},"type":"binary-expr","locations":[{"start":{"line":89,"column":2},"end":{"line":89,"column":14}},{"start":{"line":89,"column":18},"end":{"line":89,"column":68}}],"line":89}},"s":{"0":5,"1":14,"2":462,"3":14,"4":14,"5":5,"6":22,"7":22,"8":0,"9":0,"10":0,"11":0,"12":0,"13":0,"14":0,"15":0,"16":0,"17":5,"18":0,"19":0,"20":0,"21":0,"22":0,"23":0,"24":0,"25":0,"26":0,"27":0,"28":0,"29":0,"30":0,"31":5,"32":0,"33":0,"34":0,"35":5,"36":0,"37":0,"38":0,"39":0,"40":0,"41":5,"42":0,"43":0,"44":0,"45":0,"46":0},"f":{"0":14,"1":462,"2":22,"3":0,"4":0,"5":0,"6":0},"b":{"0":[22,0],"1":[0,0],"2":[0,0],"3":[0,0],"4":[0,0],"5":[0,0],"6":[0,0],"7":[0,0],"8":[0,0],"9":[0,0],"10":[0,0]},"_coverageSchema":"1a1c01bbd47fc00a2c39e90264f33305004495a9","hash":"9f2d1764f8e70ebdd4e5fa91bee27190c83b0899"}
,"/Users/kamilkasarova/careerfoundry/meet/src/mock-data.js": {"path":"/Users/kamilkasarova/careerfoundry/meet/src/mock-data.js","statementMap":{"0":{"start":{"line":3,"column":17},"end":{"line":1293,"column":1}}},"fnMap":{},"branchMap":{},"s":{"0":5},"f":{},"b":{},"_coverageSchema":"1a1c01bbd47fc00a2c39e90264f33305004495a9","hash":"33cf4118447c9b7179b97c47922993fb968a54f8"}
,"/Users/kamilkasarova/careerfoundry/meet/src/components/CitySearch.jsx": {"path":"/Users/kamilkasarova/careerfoundry/meet/src/components/CitySearch.jsx","statementMap":{"0":{"start":{"line":5,"column":19},"end":{"line":55,"column":1}},"1":{"start":{"line":6,"column":48},"end":{"line":6,"column":63}},"2":{"start":{"line":7,"column":28},"end":{"line":7,"column":40}},"3":{"start":{"line":8,"column":40},"end":{"line":8,"column":52}},"4":{"start":{"line":10,"column":2},"end":{"line":12,"column":26}},"5":{"start":{"line":11,"column":4},"end":{"line":11,"column":33}},"6":{"start":{"line":15,"column":29},"end":{"line":23,"column":3}},"7":{"start":{"line":16,"column":18},"end":{"line":16,"column":32}},"8":{"start":{"line":17,"column":30},"end":{"line":19,"column":11}},"9":{"start":{"line":18,"column":6},"end":{"line":18,"column":70}},"10":{"start":{"line":21,"column":4},"end":{"line":21,"column":20}},"11":{"start":{"line":22,"column":4},"end":{"line":22,"column":38}},"12":{"start":{"line":25,"column":28},"end":{"line":30,"column":3}},"13":{"start":{"line":26,"column":18},"end":{"line":26,"column":42}},"14":{"start":{"line":27,"column":4},"end":{"line":27,"column":20}},"15":{"start":{"line":28,"column":4},"end":{"line":28,"column":30}},"16":{"start":{"line":29,"column":4},"end":{"line":29,"column":26}},"17":{"start":{"line":32,"column":2},"end":{"line":54,"column":3}},"18":{"start":{"line":39,"column":23},"end":{"line":39,"column":47}},"19":{"start":{"line":45,"column":12},"end":{"line":45,"column":85}}},"fnMap":{"0":{"name":"(anonymous_0)","decl":{"start":{"line":5,"column":19},"end":{"line":5,"column":20}},"loc":{"start":{"line":5,"column":57},"end":{"line":55,"column":1}},"line":5},"1":{"name":"(anonymous_1)","decl":{"start":{"line":10,"column":12},"end":{"line":10,"column":13}},"loc":{"start":{"line":10,"column":18},"end":{"line":12,"column":3}},"line":10},"2":{"name":"(anonymous_2)","decl":{"start":{"line":15,"column":29},"end":{"line":15,"column":30}},"loc":{"start":{"line":15,"column":36},"end":{"line":23,"column":3}},"line":15},"3":{"name":"(anonymous_3)","decl":{"start":{"line":17,"column":65},"end":{"line":17,"column":66}},"loc":{"start":{"line":17,"column":79},"end":{"line":19,"column":5}},"line":17},"4":{"name":"(anonymous_4)","decl":{"start":{"line":25,"column":28},"end":{"line":25,"column":29}},"loc":{"start":{"line":25,"column":39},"end":{"line":30,"column":3}},"line":25},"5":{"name":"(anonymous_5)","decl":{"start":{"line":39,"column":17},"end":{"line":39,"column":18}},"loc":{"start":{"line":39,"column":23},"end":{"line":39,"column":47}},"line":39},"6":{"name":"(anonymous_6)","decl":{"start":{"line":44,"column":27},"end":{"line":44,"column":28}},"loc":{"start":{"line":44,"column":43},"end":{"line":46,"column":11}},"line":44}},"branchMap":{"0":{"loc":{"start":{"line":17,"column":30},"end":{"line":19,"column":11}},"type":"cond-expr","locations":[{"start":{"line":17,"column":45},"end":{"line":19,"column":6}},{"start":{"line":19,"column":9},"end":{"line":19,"column":11}}],"line":17},"1":{"loc":{"start":{"line":42,"column":7},"end":{"line":51,"column":14}},"type":"cond-expr","locations":[{"start":{"line":43,"column":8},"end":{"line":50,"column":13}},{"start":{"line":51,"column":10},"end":{"line":51,"column":14}}],"line":42}},"s":{"0":4,"1":68,"2":68,"3":68,"4":68,"5":18,"6":68,"7":18,"8":18,"9":36,"10":18,"11":18,"12":68,"13":2,"14":2,"15":2,"16":2,"17":68,"18":5,"19":26},"f":{"0":68,"1":18,"2":18,"3":36,"4":2,"5":5,"6":26},"b":{"0":[18,0],"1":[24,44]},"_coverageSchema":"1a1c01bbd47fc00a2c39e90264f33305004495a9","hash":"45f12335e1e13cd607b288c93c374843c9c383f4"}
,"/Users/kamilkasarova/careerfoundry/meet/src/components/Event.jsx": {"path":"/Users/kamilkasarova/careerfoundry/meet/src/components/Event.jsx","statementMap":{"0":{"start":{"line":5,"column":14},"end":{"line":23,"column":1}},"1":{"start":{"line":6,"column":42},"end":{"line":6,"column":57}},"2":{"start":{"line":7,"column":4},"end":{"line":22,"column":6}},"3":{"start":{"line":19,"column":31},"end":{"line":19,"column":88}}},"fnMap":{"0":{"name":"(anonymous_0)","decl":{"start":{"line":5,"column":14},"end":{"line":5,"column":15}},"loc":{"start":{"line":5,"column":29},"end":{"line":23,"column":1}},"line":5},"1":{"name":"(anonymous_1)","decl":{"start":{"line":19,"column":25},"end":{"line":19,"column":26}},"loc":{"start":{"line":19,"column":31},"end":{"line":19,"column":88}},"line":19}},"branchMap":{"0":{"loc":{"start":{"line":9,"column":17},"end":{"line":9,"column":39}},"type":"binary-expr","locations":[{"start":{"line":9,"column":17},"end":{"line":9,"column":22}},{"start":{"line":9,"column":26},"end":{"line":9,"column":39}}],"line":9},"1":{"loc":{"start":{"line":10,"column":16},"end":{"line":10,"column":39}},"type":"binary-expr","locations":[{"start":{"line":10,"column":16},"end":{"line":10,"column":21}},{"start":{"line":10,"column":25},"end":{"line":10,"column":39}}],"line":10},"2":{"loc":{"start":{"line":11,"column":16},"end":{"line":11,"column":64}},"type":"binary-expr","locations":[{"start":{"line":11,"column":16},"end":{"line":11,"column":21}},{"start":{"line":11,"column":25},"end":{"line":11,"column":64}}],"line":11},"3":{"loc":{"start":{"line":13,"column":13},"end":{"line":15,"column":16}},"type":"cond-expr","locations":[{"start":{"line":14,"column":12},"end":{"line":14,"column":67}},{"start":{"line":15,"column":12},"end":{"line":15,"column":16}}],"line":13},"4":{"loc":{"start":{"line":14,"column":36},"end":{"line":14,"column":62}},"type":"binary-expr","locations":[{"start":{"line":14,"column":36},"end":{"line":14,"column":41}},{"start":{"line":14,"column":45},"end":{"line":14,"column":62}}],"line":14},"5":{"loc":{"start":{"line":19,"column":31},"end":{"line":19,"column":88}},"type":"cond-expr","locations":[{"start":{"line":19,"column":45},"end":{"line":19,"column":66}},{"start":{"line":19,"column":68},"end":{"line":19,"column":88}}],"line":19},"6":{"loc":{"start":{"line":20,"column":17},"end":{"line":20,"column":62}},"type":"cond-expr","locations":[{"start":{"line":20,"column":31},"end":{"line":20,"column":45}},{"start":{"line":20,"column":48},"end":{"line":20,"column":62}}],"line":20}},"s":{"0":5,"1":264,"2":264,"3":3},"f":{"0":264,"1":3},"b":{"0":[264,264],"1":[264,264],"2":[264,264],"3":[2,262],"4":[2,2],"5":[1,2],"6":[2,262]},"_coverageSchema":"1a1c01bbd47fc00a2c39e90264f33305004495a9","hash":"382056746ca75a07d6ec903788314bd2dcac0012"}
,"/Users/kamilkasarova/careerfoundry/meet/src/components/EventList.jsx": {"path":"/Users/kamilkasarova/careerfoundry/meet/src/components/EventList.jsx","statementMap":{"0":{"start":{"line":7,"column":18},"end":{"line":14,"column":1}},"1":{"start":{"line":8,"column":2},"end":{"line":13,"column":4}},"2":{"start":{"line":11,"column":28},"end":{"line":11,"column":66}}},"fnMap":{"0":{"name":"(anonymous_0)","decl":{"start":{"line":7,"column":18},"end":{"line":7,"column":19}},"loc":{"start":{"line":7,"column":34},"end":{"line":14,"column":1}},"line":7},"1":{"name":"(anonymous_1)","decl":{"start":{"line":11,"column":19},"end":{"line":11,"column":20}},"loc":{"start":{"line":11,"column":28},"end":{"line":11,"column":66}},"line":11}},"branchMap":{"0":{"loc":{"start":{"line":10,"column":7},"end":{"line":11,"column":74}},"type":"cond-expr","locations":[{"start":{"line":11,"column":8},"end":{"line":11,"column":67}},{"start":{"line":11,"column":70},"end":{"line":11,"column":74}}],"line":10}},"s":{"0":4,"1":22,"2":255},"f":{"0":22,"1":255},"b":{"0":[20,2]},"_coverageSchema":"1a1c01bbd47fc00a2c39e90264f33305004495a9","hash":"e694efbafe580da08b935d784202580abdd99dec"}
,"/Users/kamilkasarova/careerfoundry/meet/src/components/NumberOfEvents.jsx": {"path":"/Users/kamilkasarova/careerfoundry/meet/src/components/NumberOfEvents.jsx","statementMap":{"0":{"start":{"line":4,"column":23},"end":{"line":27,"column":1}},"1":{"start":{"line":6,"column":31},"end":{"line":6,"column":43}},"2":{"start":{"line":8,"column":31},"end":{"line":12,"column":5}},"3":{"start":{"line":9,"column":22},"end":{"line":9,"column":36}},"4":{"start":{"line":10,"column":8},"end":{"line":10,"column":25}},"5":{"start":{"line":11,"column":8},"end":{"line":11,"column":29}},"6":{"start":{"line":14,"column":4},"end":{"line":26,"column":6}}},"fnMap":{"0":{"name":"(anonymous_0)","decl":{"start":{"line":4,"column":23},"end":{"line":4,"column":24}},"loc":{"start":{"line":4,"column":46},"end":{"line":27,"column":1}},"line":4},"1":{"name":"(anonymous_1)","decl":{"start":{"line":8,"column":31},"end":{"line":8,"column":32}},"loc":{"start":{"line":8,"column":37},"end":{"line":12,"column":5}},"line":8}},"branchMap":{},"s":{"0":4,"1":25,"2":25,"3":6,"4":6,"5":6,"6":25},"f":{"0":25,"1":6},"b":{},"_coverageSchema":"1a1c01bbd47fc00a2c39e90264f33305004495a9","hash":"3ca21df9ea1e5a57dd59a31565b9a461e719e62c"}
}
