TN:
SF:src/App.jsx
FN:12,(anonymous_0)
FN:18,(anonymous_1)
FN:22,(anonymous_2)
FN:26,(anonymous_3)
FNF:4
FNH:4
FNDA:20,(anonymous_0)
FNDA:11,(anonymous_1)
FNDA:11,(anonymous_2)
FNDA:33,(anonymous_3)
DA:12,4
DA:13,20
DA:14,19
DA:15,19
DA:16,19
DA:18,19
DA:19,11
DA:22,19
DA:23,11
DA:24,11
DA:26,33
DA:28,11
DA:29,11
DA:33,19
LF:14
LH:14
BRDA:24,0,0,10
BRDA:24,0,1,1
BRF:2
BRH:2
end_of_record
TN:
SF:src/api.js
FN:14,(anonymous_0)
FN:15,(anonymous_1)
FN:22,(anonymous_2)
FN:41,(anonymous_3)
FN:61,(anonymous_4)
FN:68,(anonymous_5)
FN:84,(anonymous_6)
FNF:7
FNH:3
FNDA:14,(anonymous_0)
FNDA:462,(anonymous_1)
FNDA:22,(anonymous_2)
FNDA:0,(anonymous_3)
FNDA:0,(anonymous_4)
FNDA:0,(anonymous_5)
FNDA:0,(anonymous_6)
DA:14,5
DA:15,462
DA:16,14
DA:17,14
DA:22,5
DA:24,22
DA:25,22
DA:28,0
DA:30,0
DA:31,0
DA:32,0
DA:33,0
DA:34,0
DA:35,0
DA:36,0
DA:37,0
DA:41,5
DA:42,0
DA:43,0
DA:45,0
DA:46,0
DA:47,0
DA:48,0
DA:49,0
DA:50,0
DA:51,0
DA:52,0
DA:53,0
DA:55,0
DA:57,0
DA:61,5
DA:62,0
DA:63,0
DA:64,0
DA:68,5
DA:70,0
DA:72,0
DA:77,0
DA:79,0
DA:80,0
DA:84,5
DA:85,0
DA:86,0
DA:88,0
DA:89,0
DA:91,0
LF:46
LH:11
BRDA:24,0,0,22
BRDA:24,0,1,0
BRDA:30,1,0,0
BRDA:30,1,1,0
BRDA:35,2,0,0
BRDA:35,2,1,0
BRDA:43,3,0,0
BRDA:43,3,1,0
BRDA:45,4,0,0
BRDA:45,4,1,0
BRDA:45,5,0,0
BRDA:45,5,1,0
BRDA:49,6,0,0
BRDA:49,6,1,0
BRDA:55,7,0,0
BRDA:55,7,1,0
BRDA:70,8,0,0
BRDA:70,8,1,0
BRDA:70,9,0,0
BRDA:70,9,1,0
BRDA:89,10,0,0
BRDA:89,10,1,0
BRF:22
BRH:1
end_of_record
TN:
SF:src/mock-data.js
FNF:0
FNH:0
DA:3,5
LF:1
LH:1
BRF:0
BRH:0
end_of_record
TN:
SF:src/components/CitySearch.jsx
FN:5,(anonymous_0)
FN:10,(anonymous_1)
FN:15,(anonymous_2)
FN:17,(anonymous_3)
FN:25,(anonymous_4)
FN:39,(anonymous_5)
FN:44,(anonymous_6)
FNF:7
FNH:7
FNDA:68,(anonymous_0)
FNDA:18,(anonymous_1)
FNDA:18,(anonymous_2)
FNDA:36,(anonymous_3)
FNDA:2,(anonymous_4)
FNDA:5,(anonymous_5)
FNDA:26,(anonymous_6)
DA:5,4
DA:6,68
DA:7,68
DA:8,68
DA:10,68
DA:11,18
DA:15,68
DA:16,18
DA:17,18
DA:18,36
DA:21,18
DA:22,18
DA:25,68
DA:26,2
DA:27,2
DA:28,2
DA:29,2
DA:32,68
DA:39,5
DA:45,26
LF:20
LH:20
BRDA:17,0,0,18
BRDA:17,0,1,0
BRDA:42,1,0,24
BRDA:42,1,1,44
BRF:4
BRH:3
end_of_record
TN:
SF:src/components/Event.jsx
FN:5,(anonymous_0)
FN:19,(anonymous_1)
FNF:2
FNH:2
FNDA:264,(anonymous_0)
FNDA:3,(anonymous_1)
DA:5,5
DA:6,264
DA:7,264
DA:19,3
LF:4
LH:4
BRDA:9,0,0,264
BRDA:9,0,1,264
BRDA:10,1,0,264
BRDA:10,1,1,264
BRDA:11,2,0,264
BRDA:11,2,1,264
BRDA:13,3,0,2
BRDA:13,3,1,262
BRDA:14,4,0,2
BRDA:14,4,1,2
BRDA:19,5,0,1
BRDA:19,5,1,2
BRDA:20,6,0,2
BRDA:20,6,1,262
BRF:14
BRH:14
end_of_record
TN:
SF:src/components/EventList.jsx
FN:7,(anonymous_0)
FN:11,(anonymous_1)
FNF:2
FNH:2
FNDA:22,(anonymous_0)
FNDA:255,(anonymous_1)
DA:7,4
DA:8,22
DA:11,255
LF:3
LH:3
BRDA:10,0,0,20
BRDA:10,0,1,2
BRF:2
BRH:2
end_of_record
TN:
SF:src/components/NumberOfEvents.jsx
FN:4,(anonymous_0)
FN:8,(anonymous_1)
FNF:2
FNH:2
FNDA:25,(anonymous_0)
FNDA:6,(anonymous_1)
DA:4,4
DA:6,25
DA:8,25
DA:9,6
DA:10,6
DA:11,6
DA:14,25
LF:7
LH:7
BRF:0
BRH:0
end_of_record
